# JRE version: OpenJDK Runtime Environment (8.0_181-b13) (build 1.8.0_181-8u181-b13-0ubuntu0.16.04.1-b13)
# Java VM: OpenJDK 64-Bit Server VM (25.181-b13 mixed mode linux-amd64 compressed oops)
Heap:
 def new generation   total 72576K, used 65814K [0x00000000c0000000, 0x00000000c4ec0000, 0x00000000d5550000)
  eden space 64512K, 100% used [0x00000000c0000000, 0x00000000c3f00000, 0x00000000c3f00000)
  from space 8064K,  16% used [0x00000000c3f00000, 0x00000000c4045870, 0x00000000c46e0000)
  to   space 8064K,   4% used [0x00000000c46e0000, 0x00000000c4734670, 0x00000000c4ec0000)
 tenured generation   total 161144K, used 145836K [0x00000000d5550000, 0x00000000df2ae000, 0x0000000100000000)
   the space 161144K,  90% used [0x00000000d5550000, 0x00000000de3bb2d0, 0x00000000de3bb400, 0x00000000df2ae000)
 Metaspace       used 90714K, capacity 93318K, committed 93656K, reserved 1130496K
  class space    used 12024K, capacity 12389K, committed 12504K, reserved 1048576K
GC Heap History (10 events):
Event: 438.645 GC heap after
Heap after GC invocations=1257 (full 14):
 def new generation   total 60480K, used 4165K [0x00000000c0000000, 0x00000000c41a0000, 0x00000000d5550000)
  eden space 53760K,   0% used [0x00000000c0000000, 0x00000000c0000000, 0x00000000c3480000)
  from space 6720K,  61% used [0x00000000c3b10000, 0x00000000c3f21498, 0x00000000c41a0000)
  to   space 6720K,   0% used [0x00000000c3480000, 0x00000000c3480000, 0x00000000c3b10000)
 tenured generation   total 134324K, used 108473K [0x00000000d5550000, 0x00000000dd87d000, 0x0000000100000000)
   the space 134324K,  80% used [0x00000000d5550000, 0x00000000dbf3e508, 0x00000000dbf3e600, 0x00000000dd87d000)
 Metaspace       used 90549K, capacity 93200K, committed 93400K, reserved 1130496K
  class space    used 12011K, capacity 12392K, committed 12504K, reserved 1048576K
}
Event: 438.766 GC heap before
{Heap before GC invocations=1257 (full 14):
 def new generation   total 60480K, used 51117K [0x00000000c0000000, 0x00000000c41a0000, 0x00000000d5550000)
  eden space 53760K,  87% used [0x00000000c0000000, 0x00000000c2dda100, 0x00000000c3480000)
  from space 6720K,  61% used [0x00000000c3b10000, 0x00000000c3f21498, 0x00000000c41a0000)
  to   space 6720K,   0% used [0x00000000c3480000, 0x00000000c3480000, 0x00000000c3b10000)
 tenured generation   total 134324K, used 108473K [0x00000000d5550000, 0x00000000dd87d000, 0x0000000100000000)
   the space 134324K,  80% used [0x00000000d5550000, 0x00000000dbf3e508, 0x00000000dbf3e600, 0x00000000dd87d000)
 Metaspace       used 90583K, capacity 93264K, committed 93400K, reserved 1130496K
  class space    used 12012K, capacity 12392K, committed 12504K, reserved 1048576K
Event: 438.779 GC heap after
Heap after GC invocations=1258 (full 14):
 def new generation   total 60480K, used 1872K [0x00000000c0000000, 0x00000000c41a0000, 0x00000000d5550000)
  eden space 53760K,   0% used [0x00000000c0000000, 0x00000000c0000000, 0x00000000c3480000)
  from space 6720K,  27% used [0x00000000c3480000, 0x00000000c3654358, 0x00000000c3b10000)
  to   space 6720K,   0% used [0x00000000c3b10000, 0x00000000c3b10000, 0x00000000c41a0000)
 tenured generation   total 134324K, used 125776K [0x00000000d5550000, 0x00000000dd87d000, 0x0000000100000000)
   the space 134324K,  93% used [0x00000000d5550000, 0x00000000dd024128, 0x00000000dd024200, 0x00000000dd87d000)
 Metaspace       used 90583K, capacity 93264K, committed 93400K, reserved 1130496K
  class space    used 12012K, capacity 12392K, committed 12504K, reserved 1048576K
}
Event: 438.950 GC heap before
{Heap before GC invocations=1258 (full 14):
 def new generation   total 60480K, used 55632K [0x00000000c0000000, 0x00000000c41a0000, 0x00000000d5550000)
  eden space 53760K, 100% used [0x00000000c0000000, 0x00000000c3480000, 0x00000000c3480000)
  from space 6720K,  27% used [0x00000000c3480000, 0x00000000c3654358, 0x00000000c3b10000)
  to   space 6720K,   0% used [0x00000000c3b10000, 0x00000000c3b10000, 0x00000000c41a0000)
 tenured generation   total 134324K, used 125776K [0x00000000d5550000, 0x00000000dd87d000, 0x0000000100000000)
   the space 134324K,  93% used [0x00000000d5550000, 0x00000000dd024128, 0x00000000dd024200, 0x00000000dd87d000)
 Metaspace       used 90583K, capacity 93264K, committed 93400K, reserved 1130496K
  class space    used 12012K, capacity 12392K, committed 12504K, reserved 1048576K
Event: 439.161 GC heap after
Heap after GC invocations=1259 (full 15):
 def new generation   total 72576K, used 0K [0x00000000c0000000, 0x00000000c4ec0000, 0x00000000d5550000)
  eden space 64512K,   0% used [0x00000000c0000000, 0x00000000c0000000, 0x00000000c3f00000)
  from space 8064K,   0% used [0x00000000c3f00000, 0x00000000c3f00000, 0x00000000c46e0000)
  to   space 8064K,   0% used [0x00000000c46e0000, 0x00000000c46e0000, 0x00000000c4ec0000)
 tenured generation   total 161144K, used 96684K [0x00000000d5550000, 0x00000000df2ae000, 0x0000000100000000)
   the space 161144K,  59% used [0x00000000d5550000, 0x00000000db3bb2a0, 0x00000000db3bb400, 0x00000000df2ae000)
 Metaspace       used 90491K, capacity 93058K, committed 93400K, reserved 1130496K
  class space    used 12002K, capacity 12377K, committed 12504K, reserved 1048576K
}
Event: 439.295 GC heap before
{Heap before GC invocations=1259 (full 15):
 def new generation   total 72576K, used 64512K [0x00000000c0000000, 0x00000000c4ec0000, 0x00000000d5550000)
  eden space 64512K, 100% used [0x00000000c0000000, 0x00000000c3f00000, 0x00000000c3f00000)
  from space 8064K,   0% used [0x00000000c3f00000, 0x00000000c3f00000, 0x00000000c46e0000)
  to   space 8064K,   0% used [0x00000000c46e0000, 0x00000000c46e0000, 0x00000000c4ec0000)
 tenured generation   total 161144K, used 96684K [0x00000000d5550000, 0x00000000df2ae000, 0x0000000100000000)
   the space 161144K,  59% used [0x00000000d5550000, 0x00000000db3bb2a0, 0x00000000db3bb400, 0x00000000df2ae000)
 Metaspace       used 90535K, capacity 93080K, committed 93400K, reserved 1130496K
  class space    used 12010K, capacity 12381K, committed 12504K, reserved 1048576K
Event: 439.315 GC heap after
Heap after GC invocations=1260 (full 15):
 def new generation   total 72576K, used 517K [0x00000000c0000000, 0x00000000c4ec0000, 0x00000000d5550000)
  eden space 64512K,   0% used [0x00000000c0000000, 0x00000000c0000000, 0x00000000c3f00000)
  from space 8064K,   6% used [0x00000000c46e0000, 0x00000000c47615d0, 0x00000000c4ec0000)
  to   space 8064K,   0% used [0x00000000c3f00000, 0x00000000c3f00000, 0x00000000c46e0000)
 tenured generation   total 161144K, used 129452K [0x00000000d5550000, 0x00000000df2ae000, 0x0000000100000000)
   the space 161144K,  80% used [0x00000000d5550000, 0x00000000dd3bb2c0, 0x00000000dd3bb400, 0x00000000df2ae000)
 Metaspace       used 90535K, capacity 93080K, committed 93400K, reserved 1130496K
  class space    used 12010K, capacity 12381K, committed 12504K, reserved 1048576K
}
Event: 439.599 GC heap before
{Heap before GC invocations=1260 (full 15):
 def new generation   total 72576K, used 60445K [0x00000000c0000000, 0x00000000c4ec0000, 0x00000000d5550000)
  eden space 64512K,  92% used [0x00000000c0000000, 0x00000000c3a86048, 0x00000000c3f00000)
  from space 8064K,   6% used [0x00000000c46e0000, 0x00000000c47615d0, 0x00000000c4ec0000)
  to   space 8064K,   0% used [0x00000000c3f00000, 0x00000000c3f00000, 0x00000000c46e0000)
 tenured generation   total 161144K, used 129452K [0x00000000d5550000, 0x00000000df2ae000, 0x0000000100000000)
   the space 161144K,  80% used [0x00000000d5550000, 0x00000000dd3bb2c0, 0x00000000dd3bb400, 0x00000000df2ae000)
 Metaspace       used 90681K, capacity 93314K, committed 93656K, reserved 1130496K
  class space    used 12023K, capacity 12389K, committed 12504K, reserved 1048576K
Event: 439.607 GC heap after
Heap after GC invocations=1261 (full 15):
 def new generation   total 72576K, used 1302K [0x00000000c0000000, 0x00000000c4ec0000, 0x00000000d5550000)
  eden space 64512K,   0% used [0x00000000c0000000, 0x00000000c0000000, 0x00000000c3f00000)
  from space 8064K,  16% used [0x00000000c3f00000, 0x00000000c4045870, 0x00000000c46e0000)
  to   space 8064K,   0% used [0x00000000c46e0000, 0x00000000c46e0000, 0x00000000c4ec0000)
 tenured generation   total 161144K, used 129452K [0x00000000d5550000, 0x00000000df2ae000, 0x0000000100000000)
   the space 161144K,  80% used [0x00000000d5550000, 0x00000000dd3bb2c0, 0x00000000dd3bb400, 0x00000000df2ae000)
 Metaspace       used 90681K, capacity 93314K, committed 93656K, reserved 1130496K
  class space    used 12023K, capacity 12389K, committed 12504K, reserved 1048576K
}
Event: 439.806 GC heap before
{Heap before GC invocations=1261 (full 15):
 def new generation   total 72576K, used 65814K [0x00000000c0000000, 0x00000000c4ec0000, 0x00000000d5550000)
  eden space 64512K, 100% used [0x00000000c0000000, 0x00000000c3f00000, 0x00000000c3f00000)
  from space 8064K,  16% used [0x00000000c3f00000, 0x00000000c4045870, 0x00000000c46e0000)
  to   space 8064K,   0% used [0x00000000c46e0000, 0x00000000c46e0000, 0x00000000c4ec0000)
 tenured generation   total 161144K, used 129452K [0x00000000d5550000, 0x00000000df2ae000, 0x0000000100000000)
   the space 161144K,  80% used [0x00000000d5550000, 0x00000000dd3bb2c0, 0x00000000dd3bb400, 0x00000000df2ae000)
 Metaspace       used 90714K, capacity 93318K, committed 93656K, reserved 1130496K
  class space    used 12024K, capacity 12389K, committed 12504K, reserved 1048576K

