# JRE version: OpenJDK Runtime Environment (8.0_181-b13) (build 1.8.0_181-8u181-b13-0ubuntu0.16.04.1-b13)
# Java VM: OpenJDK 64-Bit Server VM (25.181-b13 mixed mode linux-amd64 compressed oops)
Heap:
 def new generation   total 61248K, used 56995K [0x00000000c0000000, 0x00000000c4270000, 0x00000000d5550000)
  eden space 54464K, 100% used [0x00000000c0000000, 0x00000000c3530000, 0x00000000c3530000)
  from space 6784K,  37% used [0x00000000c3530000, 0x00000000c37a8fa0, 0x00000000c3bd0000)
  to   space 6784K,  18% used [0x00000000c3bd0000, 0x00000000c3d07b50, 0x00000000c4270000)
 tenured generation   total 152320K, used 151881K [0x00000000d5550000, 0x00000000dea10000, 0x0000000100000000)
   the space 152320K,  99% used [0x00000000d5550000, 0x00000000de9a2508, 0x00000000de9a2600, 0x00000000dea10000)
 Metaspace       used 90556K, capacity 93216K, committed 93400K, reserved 1130496K
  class space    used 12011K, capacity 12392K, committed 12504K, reserved 1048576K
GC Heap History (10 events):
Event: 354.965 GC heap after
Heap after GC invocations=1220 (full 14):
 def new generation   total 61248K, used 1795K [0x00000000c0000000, 0x00000000c4270000, 0x00000000d5550000)
  eden space 54464K,   0% used [0x00000000c0000000, 0x00000000c0000000, 0x00000000c3530000)
  from space 6784K,  26% used [0x00000000c3530000, 0x00000000c36f0e08, 0x00000000c3bd0000)
  to   space 6784K,   0% used [0x00000000c3bd0000, 0x00000000c3bd0000, 0x00000000c4270000)
 tenured generation   total 135932K, used 135136K [0x00000000d5550000, 0x00000000dda0f000, 0x0000000100000000)
   the space 135932K,  99% used [0x00000000d5550000, 0x00000000dd9480f8, 0x00000000dd948200, 0x00000000dda0f000)
 Metaspace       used 89696K, capacity 92252K, committed 92376K, reserved 1130496K
  class space    used 11883K, capacity 12229K, committed 12248K, reserved 1048576K
}
Event: 355.297 GC heap before
{Heap before GC invocations=1220 (full 14):
 def new generation   total 61248K, used 56259K [0x00000000c0000000, 0x00000000c4270000, 0x00000000d5550000)
  eden space 54464K, 100% used [0x00000000c0000000, 0x00000000c3530000, 0x00000000c3530000)
  from space 6784K,  26% used [0x00000000c3530000, 0x00000000c36f0e08, 0x00000000c3bd0000)
  to   space 6784K,   0% used [0x00000000c3bd0000, 0x00000000c3bd0000, 0x00000000c4270000)
 tenured generation   total 135932K, used 135136K [0x00000000d5550000, 0x00000000dda0f000, 0x0000000100000000)
   the space 135932K,  99% used [0x00000000d5550000, 0x00000000dd9480f8, 0x00000000dd948200, 0x00000000dda0f000)
 Metaspace       used 89955K, capacity 92536K, committed 92760K, reserved 1130496K
  class space    used 11928K, capacity 12271K, committed 12376K, reserved 1048576K
Event: 355.308 GC heap after
Heap after GC invocations=1221 (full 14):
 def new generation   total 61248K, used 1929K [0x00000000c0000000, 0x00000000c4270000, 0x00000000d5550000)
  eden space 54464K,   0% used [0x00000000c0000000, 0x00000000c0000000, 0x00000000c3530000)
  from space 6784K,  28% used [0x00000000c3bd0000, 0x00000000c3db2420, 0x00000000c4270000)
  to   space 6784K,   0% used [0x00000000c3530000, 0x00000000c3530000, 0x00000000c3bd0000)
 tenured generation   total 135932K, used 135225K [0x00000000d5550000, 0x00000000dda0f000, 0x0000000100000000)
   the space 135932K,  99% used [0x00000000d5550000, 0x00000000dd95e438, 0x00000000dd95e600, 0x00000000dda0f000)
 Metaspace       used 89955K, capacity 92536K, committed 92760K, reserved 1130496K
  class space    used 11928K, capacity 12271K, committed 12376K, reserved 1048576K
}
Event: 355.967 GC heap before
{Heap before GC invocations=1221 (full 14):
 def new generation   total 61248K, used 56393K [0x00000000c0000000, 0x00000000c4270000, 0x00000000d5550000)
  eden space 54464K, 100% used [0x00000000c0000000, 0x00000000c3530000, 0x00000000c3530000)
  from space 6784K,  28% used [0x00000000c3bd0000, 0x00000000c3db2420, 0x00000000c4270000)
  to   space 6784K,   0% used [0x00000000c3530000, 0x00000000c3530000, 0x00000000c3bd0000)
 tenured generation   total 135932K, used 135225K [0x00000000d5550000, 0x00000000dda0f000, 0x0000000100000000)
   the space 135932K,  99% used [0x00000000d5550000, 0x00000000dd95e438, 0x00000000dd95e600, 0x00000000dda0f000)
 Metaspace       used 90280K, capacity 92892K, committed 93016K, reserved 1130496K
  class space    used 11983K, capacity 12352K, committed 12376K, reserved 1048576K
Event: 355.978 GC heap after
Heap after GC invocations=1222 (full 14):
 def new generation   total 61248K, used 2218K [0x00000000c0000000, 0x00000000c4270000, 0x00000000d5550000)
  eden space 54464K,   0% used [0x00000000c0000000, 0x00000000c0000000, 0x00000000c3530000)
  from space 6784K,  32% used [0x00000000c3530000, 0x00000000c375ab48, 0x00000000c3bd0000)
  to   space 6784K,   0% used [0x00000000c3bd0000, 0x00000000c3bd0000, 0x00000000c4270000)
 tenured generation   total 135932K, used 135313K [0x00000000d5550000, 0x00000000dda0f000, 0x0000000100000000)
   the space 135932K,  99% used [0x00000000d5550000, 0x00000000dd974460, 0x00000000dd974600, 0x00000000dda0f000)
 Metaspace       used 90280K, capacity 92892K, committed 93016K, reserved 1130496K
  class space    used 11983K, capacity 12352K, committed 12376K, reserved 1048576K
}
Event: 363.724 GC heap before
{Heap before GC invocations=1222 (full 14):
 def new generation   total 61248K, used 56682K [0x00000000c0000000, 0x00000000c4270000, 0x00000000d5550000)
  eden space 54464K, 100% used [0x00000000c0000000, 0x00000000c3530000, 0x00000000c3530000)
  from space 6784K,  32% used [0x00000000c3530000, 0x00000000c375ab48, 0x00000000c3bd0000)
  to   space 6784K,   0% used [0x00000000c3bd0000, 0x00000000c3bd0000, 0x00000000c4270000)
 tenured generation   total 135932K, used 135313K [0x00000000d5550000, 0x00000000dda0f000, 0x0000000100000000)
   the space 135932K,  99% used [0x00000000d5550000, 0x00000000dd974460, 0x00000000dd974600, 0x00000000dda0f000)
 Metaspace       used 90512K, capacity 93140K, committed 93400K, reserved 1130496K
  class space    used 12010K, capacity 12389K, committed 12504K, reserved 1048576K
Event: 363.735 GC heap after
Heap after GC invocations=1223 (full 14):
 def new generation   total 61248K, used 3398K [0x00000000c0000000, 0x00000000c4270000, 0x00000000d5550000)
  eden space 54464K,   0% used [0x00000000c0000000, 0x00000000c0000000, 0x00000000c3530000)
  from space 6784K,  50% used [0x00000000c3bd0000, 0x00000000c3f21a60, 0x00000000c4270000)
  to   space 6784K,   0% used [0x00000000c3530000, 0x00000000c3530000, 0x00000000c3bd0000)
 tenured generation   total 135932K, used 135400K [0x00000000d5550000, 0x00000000dda0f000, 0x0000000100000000)
   the space 135932K,  99% used [0x00000000d5550000, 0x00000000dd98a248, 0x00000000dd98a400, 0x00000000dda0f000)
 Metaspace       used 90512K, capacity 93140K, committed 93400K, reserved 1130496K
  class space    used 12010K, capacity 12389K, committed 12504K, reserved 1048576K
}
Event: 363.923 GC heap before
{Heap before GC invocations=1223 (full 14):
 def new generation   total 61248K, used 56896K [0x00000000c0000000, 0x00000000c4270000, 0x00000000d5550000)
  eden space 54464K,  98% used [0x00000000c0000000, 0x00000000c343e688, 0x00000000c3530000)
  from space 6784K,  50% used [0x00000000c3bd0000, 0x00000000c3f21a60, 0x00000000c4270000)
  to   space 6784K,   0% used [0x00000000c3530000, 0x00000000c3530000, 0x00000000c3bd0000)
 tenured generation   total 135932K, used 135400K [0x00000000d5550000, 0x00000000dda0f000, 0x0000000100000000)
   the space 135932K,  99% used [0x00000000d5550000, 0x00000000dd98a248, 0x00000000dd98a400, 0x00000000dda0f000)
 Metaspace       used 90522K, capacity 93152K, committed 93400K, reserved 1130496K
  class space    used 12011K, capacity 12392K, committed 12504K, reserved 1048576K
Event: 363.933 GC heap after
Heap after GC invocations=1224 (full 14):
 def new generation   total 61248K, used 2531K [0x00000000c0000000, 0x00000000c4270000, 0x00000000d5550000)
  eden space 54464K,   0% used [0x00000000c0000000, 0x00000000c0000000, 0x00000000c3530000)
  from space 6784K,  37% used [0x00000000c3530000, 0x00000000c37a8fa0, 0x00000000c3bd0000)
  to   space 6784K,   0% used [0x00000000c3bd0000, 0x00000000c3bd0000, 0x00000000c4270000)
 tenured generation   total 135932K, used 135489K [0x00000000d5550000, 0x00000000dda0f000, 0x0000000100000000)
   the space 135932K,  99% used [0x00000000d5550000, 0x00000000dd9a0400, 0x00000000dd9a0400, 0x00000000dda0f000)
 Metaspace       used 90522K, capacity 93152K, committed 93400K, reserved 1130496K
  class space    used 12011K, capacity 12392K, committed 12504K, reserved 1048576K
}
Event: 364.043 GC heap before
{Heap before GC invocations=1224 (full 14):
 def new generation   total 61248K, used 56995K [0x00000000c0000000, 0x00000000c4270000, 0x00000000d5550000)
  eden space 54464K, 100% used [0x00000000c0000000, 0x00000000c3530000, 0x00000000c3530000)
  from space 6784K,  37% used [0x00000000c3530000, 0x00000000c37a8fa0, 0x00000000c3bd0000)
  to   space 6784K,   0% used [0x00000000c3bd0000, 0x00000000c3bd0000, 0x00000000c4270000)
 tenured generation   total 135932K, used 135489K [0x00000000d5550000, 0x00000000dda0f000, 0x0000000100000000)
   the space 135932K,  99% used [0x00000000d5550000, 0x00000000dd9a0400, 0x00000000dd9a0400, 0x00000000dda0f000)
 Metaspace       used 90556K, capacity 93216K, committed 93400K, reserved 1130496K
  class space    used 12011K, capacity 12392K, committed 12504K, reserved 1048576K

