# JRE version: OpenJDK Runtime Environment (8.0_181-b13) (build 1.8.0_181-8u181-b13-0ubuntu0.16.04.1-b13)
# Java VM: OpenJDK 64-Bit Server VM (25.181-b13 mixed mode linux-amd64 compressed oops)
Heap:
 def new generation   total 44672K, used 41246K [0x00000000c0000000, 0x00000000c3070000, 0x00000000d5550000)
  eden space 39744K,  99% used [0x00000000c0000000, 0x00000000c26aa808, 0x00000000c26d0000)
  from space 4928K,  33% used [0x00000000c26d0000, 0x00000000c286d2e8, 0x00000000c2ba0000)
  to   space 4928K,  25% used [0x00000000c2ba0000, 0x00000000c2cd6a28, 0x00000000c3070000)
 tenured generation   total 115428K, used 108574K [0x00000000d5550000, 0x00000000dc609000, 0x0000000100000000)
   the space 115428K,  94% used [0x00000000d5550000, 0x00000000dbf57988, 0x00000000dbf57a00, 0x00000000dc609000)
 Metaspace       used 73569K, capacity 75346K, committed 75608K, reserved 1114112K
  class space    used 10242K, capacity 10494K, committed 10584K, reserved 1048576K
GC Heap History (10 events):
Event: 128.811 GC heap after
Heap after GC invocations=313 (full 8):
 def new generation   total 44672K, used 865K [0x00000000c0000000, 0x00000000c3070000, 0x00000000d5550000)
  eden space 39744K,   0% used [0x00000000c0000000, 0x00000000c0000000, 0x00000000c26d0000)
  from space 4928K,  17% used [0x00000000c26d0000, 0x00000000c27a86f8, 0x00000000c2ba0000)
  to   space 4928K,   0% used [0x00000000c2ba0000, 0x00000000c2ba0000, 0x00000000c3070000)
 tenured generation   total 99040K, used 92190K [0x00000000d5550000, 0x00000000db608000, 0x0000000100000000)
   the space 99040K,  93% used [0x00000000d5550000, 0x00000000daf57978, 0x00000000daf57a00, 0x00000000db608000)
 Metaspace       used 73545K, capacity 75340K, committed 75608K, reserved 1114112K
  class space    used 10241K, capacity 10493K, committed 10584K, reserved 1048576K
}
Event: 128.881 GC heap before
{Heap before GC invocations=313 (full 8):
 def new generation   total 44672K, used 40547K [0x00000000c0000000, 0x00000000c3070000, 0x00000000d5550000)
  eden space 39744K,  99% used [0x00000000c0000000, 0x00000000c26c0870, 0x00000000c26d0000)
  from space 4928K,  17% used [0x00000000c26d0000, 0x00000000c27a86f8, 0x00000000c2ba0000)
  to   space 4928K,   0% used [0x00000000c2ba0000, 0x00000000c2ba0000, 0x00000000c3070000)
 tenured generation   total 99040K, used 92190K [0x00000000d5550000, 0x00000000db608000, 0x0000000100000000)
   the space 99040K,  93% used [0x00000000d5550000, 0x00000000daf57978, 0x00000000daf57a00, 0x00000000db608000)
 Metaspace       used 73546K, capacity 75340K, committed 75608K, reserved 1114112K
  class space    used 10241K, capacity 10493K, committed 10584K, reserved 1048576K
Event: 128.888 GC heap after
Heap after GC invocations=314 (full 8):
 def new generation   total 44672K, used 1531K [0x00000000c0000000, 0x00000000c3070000, 0x00000000d5550000)
  eden space 39744K,   0% used [0x00000000c0000000, 0x00000000c0000000, 0x00000000c26d0000)
  from space 4928K,  31% used [0x00000000c2ba0000, 0x00000000c2d1ee90, 0x00000000c3070000)
  to   space 4928K,   0% used [0x00000000c26d0000, 0x00000000c26d0000, 0x00000000c2ba0000)
 tenured generation   total 99040K, used 92190K [0x00000000d5550000, 0x00000000db608000, 0x0000000100000000)
   the space 99040K,  93% used [0x00000000d5550000, 0x00000000daf57978, 0x00000000daf57a00, 0x00000000db608000)
 Metaspace       used 73546K, capacity 75340K, committed 75608K, reserved 1114112K
  class space    used 10241K, capacity 10493K, committed 10584K, reserved 1048576K
}
Event: 129.041 GC heap before
{Heap before GC invocations=314 (full 8):
 def new generation   total 44672K, used 39097K [0x00000000c0000000, 0x00000000c3070000, 0x00000000d5550000)
  eden space 39744K,  94% used [0x00000000c0000000, 0x00000000c24af700, 0x00000000c26d0000)
  from space 4928K,  31% used [0x00000000c2ba0000, 0x00000000c2d1ee90, 0x00000000c3070000)
  to   space 4928K,   0% used [0x00000000c26d0000, 0x00000000c26d0000, 0x00000000c2ba0000)
 tenured generation   total 99040K, used 92190K [0x00000000d5550000, 0x00000000db608000, 0x0000000100000000)
   the space 99040K,  93% used [0x00000000d5550000, 0x00000000daf57978, 0x00000000daf57a00, 0x00000000db608000)
 Metaspace       used 73552K, capacity 75346K, committed 75608K, reserved 1114112K
  class space    used 10242K, capacity 10494K, committed 10584K, reserved 1048576K
Event: 129.046 GC heap after
Heap after GC invocations=315 (full 8):
 def new generation   total 44672K, used 1606K [0x00000000c0000000, 0x00000000c3070000, 0x00000000d5550000)
  eden space 39744K,   0% used [0x00000000c0000000, 0x00000000c0000000, 0x00000000c26d0000)
  from space 4928K,  32% used [0x00000000c26d0000, 0x00000000c2861930, 0x00000000c2ba0000)
  to   space 4928K,   0% used [0x00000000c2ba0000, 0x00000000c2ba0000, 0x00000000c3070000)
 tenured generation   total 99040K, used 92190K [0x00000000d5550000, 0x00000000db608000, 0x0000000100000000)
   the space 99040K,  93% used [0x00000000d5550000, 0x00000000daf57978, 0x00000000daf57a00, 0x00000000db608000)
 Metaspace       used 73552K, capacity 75346K, committed 75608K, reserved 1114112K
  class space    used 10242K, capacity 10494K, committed 10584K, reserved 1048576K
}
Event: 129.135 GC heap before
{Heap before GC invocations=315 (full 8):
 def new generation   total 44672K, used 27742K [0x00000000c0000000, 0x00000000c3070000, 0x00000000d5550000)
  eden space 39744K,  65% used [0x00000000c0000000, 0x00000000c19860e0, 0x00000000c26d0000)
  from space 4928K,  32% used [0x00000000c26d0000, 0x00000000c2861930, 0x00000000c2ba0000)
  to   space 4928K,   0% used [0x00000000c2ba0000, 0x00000000c2ba0000, 0x00000000c3070000)
 tenured generation   total 99040K, used 92190K [0x00000000d5550000, 0x00000000db608000, 0x0000000100000000)
   the space 99040K,  93% used [0x00000000d5550000, 0x00000000daf57978, 0x00000000daf57a00, 0x00000000db608000)
 Metaspace       used 73555K, capacity 75346K, committed 75608K, reserved 1114112K
  class space    used 10242K, capacity 10494K, committed 10584K, reserved 1048576K
Event: 129.139 GC heap after
Heap after GC invocations=316 (full 8):
 def new generation   total 44672K, used 1877K [0x00000000c0000000, 0x00000000c3070000, 0x00000000d5550000)
  eden space 39744K,   0% used [0x00000000c0000000, 0x00000000c0000000, 0x00000000c26d0000)
  from space 4928K,  38% used [0x00000000c2ba0000, 0x00000000c2d754d0, 0x00000000c3070000)
  to   space 4928K,   0% used [0x00000000c26d0000, 0x00000000c26d0000, 0x00000000c2ba0000)
 tenured generation   total 99040K, used 92190K [0x00000000d5550000, 0x00000000db608000, 0x0000000100000000)
   the space 99040K,  93% used [0x00000000d5550000, 0x00000000daf57978, 0x00000000daf57a00, 0x00000000db608000)
 Metaspace       used 73555K, capacity 75346K, committed 75608K, reserved 1114112K
  class space    used 10242K, capacity 10494K, committed 10584K, reserved 1048576K
}
Event: 129.272 GC heap before
{Heap before GC invocations=316 (full 8):
 def new generation   total 44672K, used 41621K [0x00000000c0000000, 0x00000000c3070000, 0x00000000d5550000)
  eden space 39744K, 100% used [0x00000000c0000000, 0x00000000c26d0000, 0x00000000c26d0000)
  from space 4928K,  38% used [0x00000000c2ba0000, 0x00000000c2d754d0, 0x00000000c3070000)
  to   space 4928K,   0% used [0x00000000c26d0000, 0x00000000c26d0000, 0x00000000c2ba0000)
 tenured generation   total 99040K, used 92190K [0x00000000d5550000, 0x00000000db608000, 0x0000000100000000)
   the space 99040K,  93% used [0x00000000d5550000, 0x00000000daf57978, 0x00000000daf57a00, 0x00000000db608000)
 Metaspace       used 73566K, capacity 75346K, committed 75608K, reserved 1114112K
  class space    used 10242K, capacity 10494K, committed 10584K, reserved 1048576K
Event: 129.276 GC heap after
Heap after GC invocations=317 (full 8):
 def new generation   total 44672K, used 1652K [0x00000000c0000000, 0x00000000c3070000, 0x00000000d5550000)
  eden space 39744K,   0% used [0x00000000c0000000, 0x00000000c0000000, 0x00000000c26d0000)
  from space 4928K,  33% used [0x00000000c26d0000, 0x00000000c286d2e8, 0x00000000c2ba0000)
  to   space 4928K,   0% used [0x00000000c2ba0000, 0x00000000c2ba0000, 0x00000000c3070000)
 tenured generation   total 99040K, used 92190K [0x00000000d5550000, 0x00000000db608000, 0x0000000100000000)
   the space 99040K,  93% used [0x00000000d5550000, 0x00000000daf57978, 0x00000000daf57a00, 0x00000000db608000)
 Metaspace       used 73566K, capacity 75346K, committed 75608K, reserved 1114112K
  class space    used 10242K, capacity 10494K, committed 10584K, reserved 1048576K
}
Event: 129.340 GC heap before
{Heap before GC invocations=317 (full 8):
 def new generation   total 44672K, used 41246K [0x00000000c0000000, 0x00000000c3070000, 0x00000000d5550000)
  eden space 39744K,  99% used [0x00000000c0000000, 0x00000000c26aa808, 0x00000000c26d0000)
  from space 4928K,  33% used [0x00000000c26d0000, 0x00000000c286d2e8, 0x00000000c2ba0000)
  to   space 4928K,   0% used [0x00000000c2ba0000, 0x00000000c2ba0000, 0x00000000c3070000)
 tenured generation   total 99040K, used 92190K [0x00000000d5550000, 0x00000000db608000, 0x0000000100000000)
   the space 99040K,  93% used [0x00000000d5550000, 0x00000000daf57978, 0x00000000daf57a00, 0x00000000db608000)
 Metaspace       used 73569K, capacity 75346K, committed 75608K, reserved 1114112K
  class space    used 10242K, capacity 10494K, committed 10584K, reserved 1048576K

