# JRE version: OpenJDK Runtime Environment (8.0_181-b13) (build 1.8.0_181-8u181-b13-0ubuntu0.16.04.1-b13)
# Java VM: OpenJDK 64-Bit Server VM (25.181-b13 mixed mode linux-amd64 compressed oops)
Heap:
 def new generation   total 46080K, used 42103K [0x00000000c0000000, 0x00000000c3200000, 0x00000000d5550000)
  eden space 40960K, 100% used [0x00000000c0000000, 0x00000000c2800000, 0x00000000c2800000)
  from space 5120K,  22% used [0x00000000c2800000, 0x00000000c291dd60, 0x00000000c2d00000)
  to   space 5120K,  17% used [0x00000000c2d00000, 0x00000000c2ddb270, 0x00000000c3200000)
 tenured generation   total 102252K, used 94118K [0x00000000d5550000, 0x00000000db92b000, 0x0000000100000000)
   the space 102252K,  92% used [0x00000000d5550000, 0x00000000db139b88, 0x00000000db139c00, 0x00000000db92b000)
 Metaspace       used 76771K, capacity 78898K, committed 79192K, reserved 1118208K
  class space    used 10679K, capacity 10978K, committed 11096K, reserved 1048576K
GC Heap History (10 events):
Event: 335.958 GC heap after
Heap after GC invocations=353 (full 12):
 def new generation   total 46080K, used 955K [0x00000000c0000000, 0x00000000c3200000, 0x00000000d5550000)
  eden space 40960K,   0% used [0x00000000c0000000, 0x00000000c0000000, 0x00000000c2800000)
  from space 5120K,  18% used [0x00000000c2800000, 0x00000000c28eec18, 0x00000000c2d00000)
  to   space 5120K,   0% used [0x00000000c2d00000, 0x00000000c2d00000, 0x00000000c3200000)
 tenured generation   total 102252K, used 94118K [0x00000000d5550000, 0x00000000db92b000, 0x0000000100000000)
   the space 102252K,  92% used [0x00000000d5550000, 0x00000000db139b88, 0x00000000db139c00, 0x00000000db92b000)
 Metaspace       used 75979K, capacity 78080K, committed 78296K, reserved 1116160K
  class space    used 10577K, capacity 10884K, committed 10968K, reserved 1048576K
}
Event: 336.053 GC heap before
{Heap before GC invocations=353 (full 12):
 def new generation   total 46080K, used 41915K [0x00000000c0000000, 0x00000000c3200000, 0x00000000d5550000)
  eden space 40960K, 100% used [0x00000000c0000000, 0x00000000c2800000, 0x00000000c2800000)
  from space 5120K,  18% used [0x00000000c2800000, 0x00000000c28eec18, 0x00000000c2d00000)
  to   space 5120K,   0% used [0x00000000c2d00000, 0x00000000c2d00000, 0x00000000c3200000)
 tenured generation   total 102252K, used 94118K [0x00000000d5550000, 0x00000000db92b000, 0x0000000100000000)
   the space 102252K,  92% used [0x00000000d5550000, 0x00000000db139b88, 0x00000000db139c00, 0x00000000db92b000)
 Metaspace       used 76040K, capacity 78086K, committed 78296K, reserved 1116160K
  class space    used 10584K, capacity 10886K, committed 10968K, reserved 1048576K
Event: 336.057 GC heap after
Heap after GC invocations=354 (full 12):
 def new generation   total 46080K, used 545K [0x00000000c0000000, 0x00000000c3200000, 0x00000000d5550000)
  eden space 40960K,   0% used [0x00000000c0000000, 0x00000000c0000000, 0x00000000c2800000)
  from space 5120K,  10% used [0x00000000c2d00000, 0x00000000c2d88588, 0x00000000c3200000)
  to   space 5120K,   0% used [0x00000000c2800000, 0x00000000c2800000, 0x00000000c2d00000)
 tenured generation   total 102252K, used 94118K [0x00000000d5550000, 0x00000000db92b000, 0x0000000100000000)
   the space 102252K,  92% used [0x00000000d5550000, 0x00000000db139b88, 0x00000000db139c00, 0x00000000db92b000)
 Metaspace       used 76040K, capacity 78086K, committed 78296K, reserved 1116160K
  class space    used 10584K, capacity 10886K, committed 10968K, reserved 1048576K
}
Event: 336.360 GC heap before
{Heap before GC invocations=354 (full 12):
 def new generation   total 46080K, used 41364K [0x00000000c0000000, 0x00000000c3200000, 0x00000000d5550000)
  eden space 40960K,  99% used [0x00000000c0000000, 0x00000000c27dcc90, 0x00000000c2800000)
  from space 5120K,  10% used [0x00000000c2d00000, 0x00000000c2d88588, 0x00000000c3200000)
  to   space 5120K,   0% used [0x00000000c2800000, 0x00000000c2800000, 0x00000000c2d00000)
 tenured generation   total 102252K, used 94118K [0x00000000d5550000, 0x00000000db92b000, 0x0000000100000000)
   the space 102252K,  92% used [0x00000000d5550000, 0x00000000db139b88, 0x00000000db139c00, 0x00000000db92b000)
 Metaspace       used 76312K, capacity 78442K, committed 78552K, reserved 1116160K
  class space    used 10629K, capacity 10941K, committed 10968K, reserved 1048576K
Event: 336.385 GC heap after
Heap after GC invocations=355 (full 12):
 def new generation   total 46080K, used 1341K [0x00000000c0000000, 0x00000000c3200000, 0x00000000d5550000)
  eden space 40960K,   0% used [0x00000000c0000000, 0x00000000c0000000, 0x00000000c2800000)
  from space 5120K,  26% used [0x00000000c2800000, 0x00000000c294f7f0, 0x00000000c2d00000)
  to   space 5120K,   0% used [0x00000000c2d00000, 0x00000000c2d00000, 0x00000000c3200000)
 tenured generation   total 102252K, used 94118K [0x00000000d5550000, 0x00000000db92b000, 0x0000000100000000)
   the space 102252K,  92% used [0x00000000d5550000, 0x00000000db139b88, 0x00000000db139c00, 0x00000000db92b000)
 Metaspace       used 76312K, capacity 78442K, committed 78552K, reserved 1116160K
  class space    used 10629K, capacity 10941K, committed 10968K, reserved 1048576K
}
Event: 336.557 GC heap before
{Heap before GC invocations=355 (full 12):
 def new generation   total 46080K, used 26567K [0x00000000c0000000, 0x00000000c3200000, 0x00000000d5550000)
  eden space 40960K,  61% used [0x00000000c0000000, 0x00000000c18a2708, 0x00000000c2800000)
  from space 5120K,  26% used [0x00000000c2800000, 0x00000000c294f7f0, 0x00000000c2d00000)
  to   space 5120K,   0% used [0x00000000c2d00000, 0x00000000c2d00000, 0x00000000c3200000)
 tenured generation   total 102252K, used 94118K [0x00000000d5550000, 0x00000000db92b000, 0x0000000100000000)
   the space 102252K,  92% used [0x00000000d5550000, 0x00000000db139b88, 0x00000000db139c00, 0x00000000db92b000)
 Metaspace       used 76605K, capacity 78760K, committed 78936K, reserved 1118208K
  class space    used 10673K, capacity 10977K, committed 11096K, reserved 1048576K
Event: 336.563 GC heap after
Heap after GC invocations=356 (full 12):
 def new generation   total 46080K, used 1458K [0x00000000c0000000, 0x00000000c3200000, 0x00000000d5550000)
  eden space 40960K,   0% used [0x00000000c0000000, 0x00000000c0000000, 0x00000000c2800000)
  from space 5120K,  28% used [0x00000000c2d00000, 0x00000000c2e6cb78, 0x00000000c3200000)
  to   space 5120K,   0% used [0x00000000c2800000, 0x00000000c2800000, 0x00000000c2d00000)
 tenured generation   total 102252K, used 94118K [0x00000000d5550000, 0x00000000db92b000, 0x0000000100000000)
   the space 102252K,  92% used [0x00000000d5550000, 0x00000000db139b88, 0x00000000db139c00, 0x00000000db92b000)
 Metaspace       used 76605K, capacity 78760K, committed 78936K, reserved 1118208K
  class space    used 10673K, capacity 10977K, committed 11096K, reserved 1048576K
}
Event: 336.717 GC heap before
{Heap before GC invocations=356 (full 12):
 def new generation   total 46080K, used 42418K [0x00000000c0000000, 0x00000000c3200000, 0x00000000d5550000)
  eden space 40960K, 100% used [0x00000000c0000000, 0x00000000c2800000, 0x00000000c2800000)
  from space 5120K,  28% used [0x00000000c2d00000, 0x00000000c2e6cb78, 0x00000000c3200000)
  to   space 5120K,   0% used [0x00000000c2800000, 0x00000000c2800000, 0x00000000c2d00000)
 tenured generation   total 102252K, used 94118K [0x00000000d5550000, 0x00000000db92b000, 0x0000000100000000)
   the space 102252K,  92% used [0x00000000d5550000, 0x00000000db139b88, 0x00000000db139c00, 0x00000000db92b000)
 Metaspace       used 76767K, capacity 78898K, committed 79192K, reserved 1118208K
  class space    used 10679K, capacity 10978K, committed 11096K, reserved 1048576K
Event: 336.724 GC heap after
Heap after GC invocations=357 (full 12):
 def new generation   total 46080K, used 1143K [0x00000000c0000000, 0x00000000c3200000, 0x00000000d5550000)
  eden space 40960K,   0% used [0x00000000c0000000, 0x00000000c0000000, 0x00000000c2800000)
  from space 5120K,  22% used [0x00000000c2800000, 0x00000000c291dd60, 0x00000000c2d00000)
  to   space 5120K,   0% used [0x00000000c2d00000, 0x00000000c2d00000, 0x00000000c3200000)
 tenured generation   total 102252K, used 94118K [0x00000000d5550000, 0x00000000db92b000, 0x0000000100000000)
   the space 102252K,  92% used [0x00000000d5550000, 0x00000000db139b88, 0x00000000db139c00, 0x00000000db92b000)
 Metaspace       used 76767K, capacity 78898K, committed 79192K, reserved 1118208K
  class space    used 10679K, capacity 10978K, committed 11096K, reserved 1048576K
}
Event: 336.814 GC heap before
{Heap before GC invocations=357 (full 12):
 def new generation   total 46080K, used 42103K [0x00000000c0000000, 0x00000000c3200000, 0x00000000d5550000)
  eden space 40960K, 100% used [0x00000000c0000000, 0x00000000c2800000, 0x00000000c2800000)
  from space 5120K,  22% used [0x00000000c2800000, 0x00000000c291dd60, 0x00000000c2d00000)
  to   space 5120K,   0% used [0x00000000c2d00000, 0x00000000c2d00000, 0x00000000c3200000)
 tenured generation   total 102252K, used 94118K [0x00000000d5550000, 0x00000000db92b000, 0x0000000100000000)
   the space 102252K,  92% used [0x00000000d5550000, 0x00000000db139b88, 0x00000000db139c00, 0x00000000db92b000)
 Metaspace       used 76771K, capacity 78898K, committed 79192K, reserved 1118208K
  class space    used 10679K, capacity 10978K, committed 11096K, reserved 1048576K

