# JRE version: OpenJDK Runtime Environment (8.0_181-b13) (build 1.8.0_181-8u181-b13-0ubuntu0.16.04.1-b13)
# Java VM: OpenJDK 64-Bit Server VM (25.181-b13 mixed mode linux-amd64 compressed oops)
Heap:
 def new generation   total 50752K, used 0K [0x00000000c0000000, 0x00000000c3710000, 0x00000000d5550000)
  eden space 45120K,   0% used [0x00000000c0000000, 0x00000000c0000000, 0x00000000c2c10000)
  from space 5632K,   0% used [0x00000000c2c10000, 0x00000000c2c10000, 0x00000000c3190000)
  to   space 5632K,   0% used [0x00000000c3190000, 0x00000000c3190000, 0x00000000c3710000)
 tenured generation   total 128984K, used 97303K [0x00000000d5550000, 0x00000000dd346000, 0x0000000100000000)
   the space 128984K,  75% used [0x00000000d5550000, 0x00000000db455df8, 0x00000000db455e00, 0x00000000dd346000)
 Metaspace       used 94006K, capacity 97261K, committed 97496K, reserved 1134592K
  class space    used 12512K, capacity 12941K, committed 13016K, reserved 1048576K
GC Heap History (10 events):
Event: 324.182 GC heap after
Heap after GC invocations=582 (full 16):
 def new generation   total 50752K, used 1059K [0x00000000c0000000, 0x00000000c3710000, 0x00000000d5550000)
  eden space 45120K,   0% used [0x00000000c0000000, 0x00000000c0000000, 0x00000000c2c10000)
  from space 5632K,  18% used [0x00000000c3190000, 0x00000000c3298f68, 0x00000000c3710000)
  to   space 5632K,   0% used [0x00000000c2c10000, 0x00000000c2c10000, 0x00000000c3190000)
 tenured generation   total 112596K, used 111541K [0x00000000d5550000, 0x00000000dc345000, 0x0000000100000000)
   the space 112596K,  99% used [0x00000000d5550000, 0x00000000dc23d728, 0x00000000dc23d800, 0x00000000dc345000)
 Metaspace       used 93981K, capacity 97169K, committed 97496K, reserved 1134592K
  class space    used 12510K, capacity 12937K, committed 13016K, reserved 1048576K
}
Event: 324.316 GC heap before
{Heap before GC invocations=582 (full 16):
 def new generation   total 50752K, used 46179K [0x00000000c0000000, 0x00000000c3710000, 0x00000000d5550000)
  eden space 45120K, 100% used [0x00000000c0000000, 0x00000000c2c10000, 0x00000000c2c10000)
  from space 5632K,  18% used [0x00000000c3190000, 0x00000000c3298f68, 0x00000000c3710000)
  to   space 5632K,   0% used [0x00000000c2c10000, 0x00000000c2c10000, 0x00000000c3190000)
 tenured generation   total 112596K, used 111541K [0x00000000d5550000, 0x00000000dc345000, 0x0000000100000000)
   the space 112596K,  99% used [0x00000000d5550000, 0x00000000dc23d728, 0x00000000dc23d800, 0x00000000dc345000)
 Metaspace       used 93985K, capacity 97175K, committed 97496K, reserved 1134592K
  class space    used 12510K, capacity 12938K, committed 13016K, reserved 1048576K
Event: 324.322 GC heap after
Heap after GC invocations=583 (full 16):
 def new generation   total 50752K, used 1475K [0x00000000c0000000, 0x00000000c3710000, 0x00000000d5550000)
  eden space 45120K,   0% used [0x00000000c0000000, 0x00000000c0000000, 0x00000000c2c10000)
  from space 5632K,  26% used [0x00000000c2c10000, 0x00000000c2d80de0, 0x00000000c3190000)
  to   space 5632K,   0% used [0x00000000c3190000, 0x00000000c3190000, 0x00000000c3710000)
 tenured generation   total 112596K, used 111583K [0x00000000d5550000, 0x00000000dc345000, 0x0000000100000000)
   the space 112596K,  99% used [0x00000000d5550000, 0x00000000dc247c68, 0x00000000dc247e00, 0x00000000dc345000)
 Metaspace       used 93985K, capacity 97175K, committed 97496K, reserved 1134592K
  class space    used 12510K, capacity 12938K, committed 13016K, reserved 1048576K
}
Event: 324.557 GC heap before
{Heap before GC invocations=583 (full 16):
 def new generation   total 50752K, used 46595K [0x00000000c0000000, 0x00000000c3710000, 0x00000000d5550000)
  eden space 45120K, 100% used [0x00000000c0000000, 0x00000000c2c10000, 0x00000000c2c10000)
  from space 5632K,  26% used [0x00000000c2c10000, 0x00000000c2d80de0, 0x00000000c3190000)
  to   space 5632K,   0% used [0x00000000c3190000, 0x00000000c3190000, 0x00000000c3710000)
 tenured generation   total 112596K, used 111583K [0x00000000d5550000, 0x00000000dc345000, 0x0000000100000000)
   the space 112596K,  99% used [0x00000000d5550000, 0x00000000dc247c68, 0x00000000dc247e00, 0x00000000dc345000)
 Metaspace       used 93997K, capacity 97187K, committed 97496K, reserved 1134592K
  class space    used 12511K, capacity 12940K, committed 13016K, reserved 1048576K
Event: 324.562 GC heap after
Heap after GC invocations=584 (full 16):
 def new generation   total 50752K, used 925K [0x00000000c0000000, 0x00000000c3710000, 0x00000000d5550000)
  eden space 45120K,   0% used [0x00000000c0000000, 0x00000000c0000000, 0x00000000c2c10000)
  from space 5632K,  16% used [0x00000000c3190000, 0x00000000c3277798, 0x00000000c3710000)
  to   space 5632K,   0% used [0x00000000c2c10000, 0x00000000c2c10000, 0x00000000c3190000)
 tenured generation   total 112596K, used 111622K [0x00000000d5550000, 0x00000000dc345000, 0x0000000100000000)
   the space 112596K,  99% used [0x00000000d5550000, 0x00000000dc251a50, 0x00000000dc251c00, 0x00000000dc345000)
 Metaspace       used 93997K, capacity 97187K, committed 97496K, reserved 1134592K
  class space    used 12511K, capacity 12940K, committed 13016K, reserved 1048576K
}
Event: 324.658 GC heap before
{Heap before GC invocations=584 (full 16):
 def new generation   total 50752K, used 46045K [0x00000000c0000000, 0x00000000c3710000, 0x00000000d5550000)
  eden space 45120K, 100% used [0x00000000c0000000, 0x00000000c2c10000, 0x00000000c2c10000)
  from space 5632K,  16% used [0x00000000c3190000, 0x00000000c3277798, 0x00000000c3710000)
  to   space 5632K,   0% used [0x00000000c2c10000, 0x00000000c2c10000, 0x00000000c3190000)
 tenured generation   total 112596K, used 111622K [0x00000000d5550000, 0x00000000dc345000, 0x0000000100000000)
   the space 112596K,  99% used [0x00000000d5550000, 0x00000000dc251a50, 0x00000000dc251c00, 0x00000000dc345000)
 Metaspace       used 94006K, capacity 97261K, committed 97496K, reserved 1134592K
  class space    used 12512K, capacity 12941K, committed 13016K, reserved 1048576K
Event: 324.668 GC heap after
Heap after GC invocations=585 (full 16):
 def new generation   total 50752K, used 2681K [0x00000000c0000000, 0x00000000c3710000, 0x00000000d5550000)
  eden space 45120K,   0% used [0x00000000c0000000, 0x00000000c0000000, 0x00000000c2c10000)
  from space 5632K,  47% used [0x00000000c2c10000, 0x00000000c2eae4e8, 0x00000000c3190000)
  to   space 5632K,   0% used [0x00000000c3190000, 0x00000000c3190000, 0x00000000c3710000)
 tenured generation   total 112596K, used 111657K [0x00000000d5550000, 0x00000000dc345000, 0x0000000100000000)
   the space 112596K,  99% used [0x00000000d5550000, 0x00000000dc25a5d0, 0x00000000dc25a600, 0x00000000dc345000)
 Metaspace       used 94006K, capacity 97261K, committed 97496K, reserved 1134592K
  class space    used 12512K, capacity 12941K, committed 13016K, reserved 1048576K
}
Event: 324.748 GC heap before
{Heap before GC invocations=585 (full 16):
 def new generation   total 50752K, used 38439K [0x00000000c0000000, 0x00000000c3710000, 0x00000000d5550000)
  eden space 45120K,  79% used [0x00000000c0000000, 0x00000000c22eb790, 0x00000000c2c10000)
  from space 5632K,  47% used [0x00000000c2c10000, 0x00000000c2eae4e8, 0x00000000c3190000)
  to   space 5632K,   0% used [0x00000000c3190000, 0x00000000c3190000, 0x00000000c3710000)
 tenured generation   total 112596K, used 111657K [0x00000000d5550000, 0x00000000dc345000, 0x0000000100000000)
   the space 112596K,  99% used [0x00000000d5550000, 0x00000000dc25a5d0, 0x00000000dc25a600, 0x00000000dc345000)
 Metaspace       used 94006K, capacity 97261K, committed 97496K, reserved 1134592K
  class space    used 12512K, capacity 12941K, committed 13016K, reserved 1048576K
Event: 324.754 GC heap after
Heap after GC invocations=586 (full 16):
 def new generation   total 50752K, used 2554K [0x00000000c0000000, 0x00000000c3710000, 0x00000000d5550000)
  eden space 45120K,   0% used [0x00000000c0000000, 0x00000000c0000000, 0x00000000c2c10000)
  from space 5632K,  45% used [0x00000000c3190000, 0x00000000c340e9e0, 0x00000000c3710000)
  to   space 5632K,   0% used [0x00000000c2c10000, 0x00000000c2c10000, 0x00000000c3190000)
 tenured generation   total 112596K, used 111660K [0x00000000d5550000, 0x00000000dc345000, 0x0000000100000000)
   the space 112596K,  99% used [0x00000000d5550000, 0x00000000dc25b050, 0x00000000dc25b200, 0x00000000dc345000)
 Metaspace       used 94006K, capacity 97261K, committed 97496K, reserved 1134592K
  class space    used 12512K, capacity 12941K, committed 13016K, reserved 1048576K
}
Event: 324.852 GC heap before
{Heap before GC invocations=586 (full 16):
 def new generation   total 50752K, used 47674K [0x00000000c0000000, 0x00000000c3710000, 0x00000000d5550000)
  eden space 45120K, 100% used [0x00000000c0000000, 0x00000000c2c10000, 0x00000000c2c10000)
  from space 5632K,  45% used [0x00000000c3190000, 0x00000000c340e9e0, 0x00000000c3710000)
  to   space 5632K,   0% used [0x00000000c2c10000, 0x00000000c2c10000, 0x00000000c3190000)
 tenured generation   total 112596K, used 111660K [0x00000000d5550000, 0x00000000dc345000, 0x0000000100000000)
   the space 112596K,  99% used [0x00000000d5550000, 0x00000000dc25b050, 0x00000000dc25b200, 0x00000000dc345000)
 Metaspace       used 94006K, capacity 97261K, committed 97496K, reserved 1134592K
  class space    used 12512K, capacity 12941K, committed 13016K, reserved 1048576K

