# JRE version: OpenJDK Runtime Environment (8.0_181-b13) (build 1.8.0_181-8u181-b13-0ubuntu0.16.04.1-b13)
# Java VM: OpenJDK 64-Bit Server VM (25.181-b13 mixed mode linux-amd64 compressed oops)
Heap:
 def new generation   total 48128K, used 43911K [0x00000000c0000000, 0x00000000c3430000, 0x00000000d5550000)
  eden space 42816K, 100% used [0x00000000c0000000, 0x00000000c29d0000, 0x00000000c29d0000)
  from space 5312K,  20% used [0x00000000c29d0000, 0x00000000c2ae1ed8, 0x00000000c2f00000)
  to   space 5312K,   9% used [0x00000000c2f00000, 0x00000000c2f7ba70, 0x00000000c3430000)
 tenured generation   total 106800K, used 96845K [0x00000000d5550000, 0x00000000dbd9c000, 0x0000000100000000)
   the space 106800K,  90% used [0x00000000d5550000, 0x00000000db3e37a0, 0x00000000db3e3800, 0x00000000dbd9c000)
 Metaspace       used 75679K, capacity 77636K, committed 77784K, reserved 1116160K
  class space    used 10540K, capacity 10849K, committed 10968K, reserved 1048576K
GC Heap History (10 events):
Event: 256.114 GC heap after
Heap after GC invocations=335 (full 10):
 def new generation   total 48128K, used 0K [0x00000000c0000000, 0x00000000c3430000, 0x00000000d5550000)
  eden space 42816K,   0% used [0x00000000c0000000, 0x00000000c0000000, 0x00000000c29d0000)
  from space 5312K,   0% used [0x00000000c29d0000, 0x00000000c29d0000, 0x00000000c2f00000)
  to   space 5312K,   0% used [0x00000000c2f00000, 0x00000000c2f00000, 0x00000000c3430000)
 tenured generation   total 106800K, used 64077K [0x00000000d5550000, 0x00000000dbd9c000, 0x0000000100000000)
   the space 106800K,  59% used [0x00000000d5550000, 0x00000000d93e3780, 0x00000000d93e3800, 0x00000000dbd9c000)
 Metaspace       used 75544K, capacity 77460K, committed 77784K, reserved 1116160K
  class space    used 10532K, capacity 10839K, committed 10968K, reserved 1048576K
}
Event: 256.235 GC heap before
{Heap before GC invocations=335 (full 10):
 def new generation   total 48128K, used 42816K [0x00000000c0000000, 0x00000000c3430000, 0x00000000d5550000)
  eden space 42816K, 100% used [0x00000000c0000000, 0x00000000c29d0000, 0x00000000c29d0000)
  from space 5312K,   0% used [0x00000000c29d0000, 0x00000000c29d0000, 0x00000000c2f00000)
  to   space 5312K,   0% used [0x00000000c2f00000, 0x00000000c2f00000, 0x00000000c3430000)
 tenured generation   total 106800K, used 64077K [0x00000000d5550000, 0x00000000dbd9c000, 0x0000000100000000)
   the space 106800K,  59% used [0x00000000d5550000, 0x00000000d93e3780, 0x00000000d93e3800, 0x00000000dbd9c000)
 Metaspace       used 75571K, capacity 77468K, committed 77784K, reserved 1116160K
  class space    used 10532K, capacity 10839K, committed 10968K, reserved 1048576K
Event: 256.357 GC heap after
Heap after GC invocations=336 (full 10):
 def new generation   total 48128K, used 241K [0x00000000c0000000, 0x00000000c3430000, 0x00000000d5550000)
  eden space 42816K,   0% used [0x00000000c0000000, 0x00000000c0000000, 0x00000000c29d0000)
  from space 5312K,   4% used [0x00000000c2f00000, 0x00000000c2f3c6a8, 0x00000000c3430000)
  to   space 5312K,   0% used [0x00000000c29d0000, 0x00000000c29d0000, 0x00000000c2f00000)
 tenured generation   total 106800K, used 96845K [0x00000000d5550000, 0x00000000dbd9c000, 0x0000000100000000)
   the space 106800K,  90% used [0x00000000d5550000, 0x00000000db3e37a0, 0x00000000db3e3800, 0x00000000dbd9c000)
 Metaspace       used 75571K, capacity 77468K, committed 77784K, reserved 1116160K
  class space    used 10532K, capacity 10839K, committed 10968K, reserved 1048576K
}
Event: 256.458 GC heap before
{Heap before GC invocations=336 (full 10):
 def new generation   total 48128K, used 40934K [0x00000000c0000000, 0x00000000c3430000, 0x00000000d5550000)
  eden space 42816K,  95% used [0x00000000c0000000, 0x00000000c27bd238, 0x00000000c29d0000)
  from space 5312K,   4% used [0x00000000c2f00000, 0x00000000c2f3c6a8, 0x00000000c3430000)
  to   space 5312K,   0% used [0x00000000c29d0000, 0x00000000c29d0000, 0x00000000c2f00000)
 tenured generation   total 106800K, used 96845K [0x00000000d5550000, 0x00000000dbd9c000, 0x0000000100000000)
   the space 106800K,  90% used [0x00000000d5550000, 0x00000000db3e37a0, 0x00000000db3e3800, 0x00000000dbd9c000)
 Metaspace       used 75572K, capacity 77468K, committed 77784K, reserved 1116160K
  class space    used 10532K, capacity 10839K, committed 10968K, reserved 1048576K
Event: 256.462 GC heap after
Heap after GC invocations=337 (full 10):
 def new generation   total 48128K, used 200K [0x00000000c0000000, 0x00000000c3430000, 0x00000000d5550000)
  eden space 42816K,   0% used [0x00000000c0000000, 0x00000000c0000000, 0x00000000c29d0000)
  from space 5312K,   3% used [0x00000000c29d0000, 0x00000000c2a02160, 0x00000000c2f00000)
  to   space 5312K,   0% used [0x00000000c2f00000, 0x00000000c2f00000, 0x00000000c3430000)
 tenured generation   total 106800K, used 96845K [0x00000000d5550000, 0x00000000dbd9c000, 0x0000000100000000)
   the space 106800K,  90% used [0x00000000d5550000, 0x00000000db3e37a0, 0x00000000db3e3800, 0x00000000dbd9c000)
 Metaspace       used 75572K, capacity 77468K, committed 77784K, reserved 1116160K
  class space    used 10532K, capacity 10839K, committed 10968K, reserved 1048576K
}
Event: 256.951 GC heap before
{Heap before GC invocations=337 (full 10):
 def new generation   total 48128K, used 39706K [0x00000000c0000000, 0x00000000c3430000, 0x00000000d5550000)
  eden space 42816K,  92% used [0x00000000c0000000, 0x00000000c26947a8, 0x00000000c29d0000)
  from space 5312K,   3% used [0x00000000c29d0000, 0x00000000c2a02160, 0x00000000c2f00000)
  to   space 5312K,   0% used [0x00000000c2f00000, 0x00000000c2f00000, 0x00000000c3430000)
 tenured generation   total 106800K, used 96845K [0x00000000d5550000, 0x00000000dbd9c000, 0x0000000100000000)
   the space 106800K,  90% used [0x00000000d5550000, 0x00000000db3e37a0, 0x00000000db3e3800, 0x00000000dbd9c000)
 Metaspace       used 75646K, capacity 77566K, committed 77784K, reserved 1116160K
  class space    used 10538K, capacity 10848K, committed 10968K, reserved 1048576K
Event: 256.957 GC heap after
Heap after GC invocations=338 (full 10):
 def new generation   total 48128K, used 830K [0x00000000c0000000, 0x00000000c3430000, 0x00000000d5550000)
  eden space 42816K,   0% used [0x00000000c0000000, 0x00000000c0000000, 0x00000000c29d0000)
  from space 5312K,  15% used [0x00000000c2f00000, 0x00000000c2fcfb28, 0x00000000c3430000)
  to   space 5312K,   0% used [0x00000000c29d0000, 0x00000000c29d0000, 0x00000000c2f00000)
 tenured generation   total 106800K, used 96845K [0x00000000d5550000, 0x00000000dbd9c000, 0x0000000100000000)
   the space 106800K,  90% used [0x00000000d5550000, 0x00000000db3e37a0, 0x00000000db3e3800, 0x00000000dbd9c000)
 Metaspace       used 75646K, capacity 77566K, committed 77784K, reserved 1116160K
  class space    used 10538K, capacity 10848K, committed 10968K, reserved 1048576K
}
Event: 257.106 GC heap before
{Heap before GC invocations=338 (full 10):
 def new generation   total 48128K, used 38861K [0x00000000c0000000, 0x00000000c3430000, 0x00000000d5550000)
  eden space 42816K,  88% used [0x00000000c0000000, 0x00000000c2523cb0, 0x00000000c29d0000)
  from space 5312K,  15% used [0x00000000c2f00000, 0x00000000c2fcfb28, 0x00000000c3430000)
  to   space 5312K,   0% used [0x00000000c29d0000, 0x00000000c29d0000, 0x00000000c2f00000)
 tenured generation   total 106800K, used 96845K [0x00000000d5550000, 0x00000000dbd9c000, 0x0000000100000000)
   the space 106800K,  90% used [0x00000000d5550000, 0x00000000db3e37a0, 0x00000000db3e3800, 0x00000000dbd9c000)
 Metaspace       used 75668K, capacity 77630K, committed 77784K, reserved 1116160K
  class space    used 10539K, capacity 10848K, committed 10968K, reserved 1048576K
Event: 257.156 GC heap after
Heap after GC invocations=339 (full 10):
 def new generation   total 48128K, used 1095K [0x00000000c0000000, 0x00000000c3430000, 0x00000000d5550000)
  eden space 42816K,   0% used [0x00000000c0000000, 0x00000000c0000000, 0x00000000c29d0000)
  from space 5312K,  20% used [0x00000000c29d0000, 0x00000000c2ae1ed8, 0x00000000c2f00000)
  to   space 5312K,   0% used [0x00000000c2f00000, 0x00000000c2f00000, 0x00000000c3430000)
 tenured generation   total 106800K, used 96845K [0x00000000d5550000, 0x00000000dbd9c000, 0x0000000100000000)
   the space 106800K,  90% used [0x00000000d5550000, 0x00000000db3e37a0, 0x00000000db3e3800, 0x00000000dbd9c000)
 Metaspace       used 75668K, capacity 77630K, committed 77784K, reserved 1116160K
  class space    used 10539K, capacity 10848K, committed 10968K, reserved 1048576K
}
Event: 259.470 GC heap before
{Heap before GC invocations=339 (full 10):
 def new generation   total 48128K, used 43911K [0x00000000c0000000, 0x00000000c3430000, 0x00000000d5550000)
  eden space 42816K, 100% used [0x00000000c0000000, 0x00000000c29d0000, 0x00000000c29d0000)
  from space 5312K,  20% used [0x00000000c29d0000, 0x00000000c2ae1ed8, 0x00000000c2f00000)
  to   space 5312K,   0% used [0x00000000c2f00000, 0x00000000c2f00000, 0x00000000c3430000)
 tenured generation   total 106800K, used 96845K [0x00000000d5550000, 0x00000000dbd9c000, 0x0000000100000000)
   the space 106800K,  90% used [0x00000000d5550000, 0x00000000db3e37a0, 0x00000000db3e3800, 0x00000000dbd9c000)
 Metaspace       used 75679K, capacity 77636K, committed 77784K, reserved 1116160K
  class space    used 10540K, capacity 10849K, committed 10968K, reserved 1048576K

